c:\users\haiapple.com\desktop\aladin\aladingame\aladin\debug\vc141.pdb
c:\users\haiapple.com\desktop\aladin\aladingame\aladin\debug\vc141.idb
c:\users\haiapple.com\desktop\aladin\aladingame\aladin\debug\winmain.obj
c:\users\haiapple.com\desktop\aladin\aladingame\aladin\debug\tinyxmlparser.obj
c:\users\haiapple.com\desktop\aladin\aladingame\aladin\debug\tinyxmlerror.obj
c:\users\haiapple.com\desktop\aladin\aladingame\aladin\debug\tinyxml.obj
c:\users\haiapple.com\desktop\aladin\aladingame\aladin\debug\tinystr.obj
c:\users\haiapple.com\desktop\aladin\aladingame\aladin\debug\text.obj
c:\users\haiapple.com\desktop\aladin\aladingame\aladin\debug\spritesheet.obj
c:\users\haiapple.com\desktop\aladin\aladingame\aladin\debug\sprite.obj
c:\users\haiapple.com\desktop\aladin\aladingame\aladin\debug\scene.obj
c:\users\haiapple.com\desktop\aladin\aladingame\aladin\debug\objectmanager.obj
c:\users\haiapple.com\desktop\aladin\aladingame\aladin\debug\object.obj
c:\users\haiapple.com\desktop\aladin\aladingame\aladin\debug\mouse.obj
c:\users\haiapple.com\desktop\aladin\aladingame\aladin\debug\keyboard.obj
c:\users\haiapple.com\desktop\aladin\aladingame\aladin\debug\graphic.obj
c:\users\haiapple.com\desktop\aladin\aladingame\aladin\debug\game.obj
c:\users\haiapple.com\desktop\aladin\aladingame\aladin\debug\collision.obj
c:\users\haiapple.com\desktop\aladin\aladingame\aladin\debug\viewport.obj
c:\users\haiapple.com\desktop\aladin\aladingame\aladin\debug\stage.obj
c:\users\haiapple.com\desktop\aladin\aladingame\aladin\debug\aladinstate.obj
c:\users\haiapple.com\desktop\aladin\aladingame\aladin\debug\aladdin.obj
c:\users\haiapple.com\desktop\aladin\aladingame\aladin\debug\animation.obj
c:\users\haiapple.com\desktop\aladin\aladingame\aladin\debug\aladdinanimation.obj
c:\users\haiapple.com\desktop\aladin\aladingame\aladin\debug\sound.obj
c:\users\haiapple.com\desktop\aladin\aladingame\aladin\debug\dsutil.obj
c:\users\haiapple.com\desktop\aladin\aladingame\aladin\debug\mapobjectgroup.obj
c:\users\haiapple.com\desktop\aladin\aladingame\aladin\debug\mapobject.obj
c:\users\haiapple.com\desktop\aladin\aladingame\aladin\debug\grid.obj
c:\users\haiapple.com\desktop\aladin\aladingame\aladin\debug\cell.obj
c:\users\haiapple.com\desktop\aladin\aladingame\aladin\debug\tileset.obj
c:\users\haiapple.com\desktop\aladin\aladingame\aladin\debug\map.obj
c:\users\haiapple.com\desktop\aladin\aladingame\debug\aladin.exe
c:\users\haiapple.com\desktop\aladin\aladingame\debug\aladin.ilk
c:\users\haiapple.com\desktop\aladin\aladingame\debug\aladin.pdb
c:\users\haiapple.com\desktop\aladin\aladingame\aladin\debug\aladin.res
c:\users\haiapple.com\desktop\aladin\aladingame\aladin\debug\aladin.tlog\cl.command.1.tlog
c:\users\haiapple.com\desktop\aladin\aladingame\aladin\debug\aladin.tlog\cl.read.1.tlog
c:\users\haiapple.com\desktop\aladin\aladingame\aladin\debug\aladin.tlog\cl.write.1.tlog
c:\users\haiapple.com\desktop\aladin\aladingame\aladin\debug\aladin.tlog\link.command.1.tlog
c:\users\haiapple.com\desktop\aladin\aladingame\aladin\debug\aladin.tlog\link.read.1.tlog
c:\users\haiapple.com\desktop\aladin\aladingame\aladin\debug\aladin.tlog\link.write.1.tlog
c:\users\haiapple.com\desktop\aladin\aladingame\aladin\debug\aladin.tlog\rc.command.1.tlog
c:\users\haiapple.com\desktop\aladin\aladingame\aladin\debug\aladin.tlog\rc.read.1.tlog
c:\users\haiapple.com\desktop\aladin\aladingame\aladin\debug\aladin.tlog\rc.write.1.tlog
